<?xml version="1.0" encoding="UTF-8"?>
<!-- Generated by org.testng.reporters.JUnitReportReporter -->
<testsuite hostname="LAPTOP-5AS553A5" failures="0" tests="1" name="TESTINGzerodha.Testing" time="0.008" errors="0" timestamp="2022-07-19T00:12:24 IST" skipped="0">
  <testcase classname="TESTINGzerodha.Testing" name="test" time="0.008"/>
  <system-out/>
</testsuite> <!-- TESTINGzerodha.Testing -->
